<?xml version="1.0" encoding="UTF-8"?>
<coverage generated="1771363205556" clover="3.2.0">
  <project timestamp="1771363205558" name="All files">
    <metrics statements="30" coveredstatements="28" conditionals="35" coveredconditionals="34" methods="17" coveredmethods="16" elements="82" coveredelements="78" complexity="0" loc="30" ncloc="30" packages="1" files="2" classes="2"/>
    <file name="App.jsx" path="/Users/georgewithers/Documents/GitHub/Test1/src/App.jsx">
      <metrics statements="29" coveredstatements="28" conditionals="35" coveredconditionals="34" methods="17" coveredmethods="16"/>
      <line num="19" count="1" type="stmt"/>
      <line num="20" count="1" type="stmt"/>
      <line num="23" count="125" type="stmt"/>
      <line num="24" count="5" type="stmt"/>
      <line num="29" count="24" type="stmt"/>
      <line num="32" count="24" type="stmt"/>
      <line num="33" count="24" type="stmt"/>
      <line num="34" count="24" type="stmt"/>
      <line num="36" count="24" type="stmt"/>
      <line num="38" count="5" type="stmt"/>
      <line num="39" count="5" type="stmt"/>
      <line num="42" count="24" type="stmt"/>
      <line num="43" count="22" type="stmt"/>
      <line num="44" count="33" type="cond" truecount="2" falsecount="0"/>
      <line num="45" count="22" type="stmt"/>
      <line num="48" count="24" type="stmt"/>
      <line num="49" count="35" type="cond" truecount="2" falsecount="0"/>
      <line num="50" count="1" type="stmt"/>
      <line num="53" count="24" type="stmt"/>
      <line num="54" count="13" type="cond" truecount="2" falsecount="0"/>
      <line num="55" count="13" type="cond" truecount="2" falsecount="0"/>
      <line num="59" count="12" type="cond" truecount="1" falsecount="1"/>
      <line num="60" count="12" type="stmt"/>
      <line num="64" count="0" type="stmt"/>
      <line num="67" count="24" type="stmt"/>
      <line num="81" count="120" type="cond" truecount="2" falsecount="0"/>
      <line num="90" count="624" type="stmt"/>
      <line num="92" count="12" type="stmt"/>
      <line num="125" count="24" type="stmt"/>
    </file>
    <file name="main.jsx" path="/Users/georgewithers/Documents/GitHub/Test1/src/main.jsx">
      <metrics statements="1" coveredstatements="0" conditionals="0" coveredconditionals="0" methods="0" coveredmethods="0"/>
      <line num="6" count="0" type="stmt"/>
    </file>
  </project>
</coverage>
