{"/Users/georgewithers/Documents/GitHub/Test1/src/App.jsx": {"path":"/Users/georgewithers/Documents/GitHub/Test1/src/App.jsx","statementMap":{"0":{"start":{"line":19,"column":17},"end":{"line":19,"column":45}},"1":{"start":{"line":20,"column":18},"end":{"line":20,"column":19}},"2":{"start":{"line":23,"column":19},"end":{"line":23,"column":59}},"3":{"start":{"line":23,"column":34},"end":{"line":23,"column":42}},"4":{"start":{"line":24,"column":2},"end":{"line":24,"column":76}},"5":{"start":{"line":29,"column":16},"end":{"line":29,"column":58}},"6":{"start":{"line":29,"column":30},"end":{"line":29,"column":53}},"7":{"start":{"line":32,"column":26},"end":{"line":32,"column":63}},"8":{"start":{"line":32,"column":41},"end":{"line":32,"column":62}},"9":{"start":{"line":33,"column":32},"end":{"line":33,"column":57}},"10":{"start":{"line":33,"column":47},"end":{"line":33,"column":56}},"11":{"start":{"line":34,"column":34},"end":{"line":34,"column":49}},"12":{"start":{"line":36,"column":2},"end":{"line":40,"column":12}},"13":{"start":{"line":38,"column":4},"end":{"line":38,"column":25}},"14":{"start":{"line":39,"column":4},"end":{"line":39,"column":22}},"15":{"start":{"line":42,"column":23},"end":{"line":46,"column":21}},"16":{"start":{"line":43,"column":16},"end":{"line":43,"column":17}},"17":{"start":{"line":44,"column":4},"end":{"line":44,"column":61}},"18":{"start":{"line":44,"column":30},"end":{"line":44,"column":61}},"19":{"start":{"line":44,"column":54},"end":{"line":44,"column":61}},"20":{"start":{"line":45,"column":4},"end":{"line":45,"column":16}},"21":{"start":{"line":48,"column":16},"end":{"line":51,"column":21}},"22":{"start":{"line":49,"column":4},"end":{"line":49,"column":61}},"23":{"start":{"line":49,"column":27},"end":{"line":49,"column":61}},"24":{"start":{"line":49,"column":49},"end":{"line":49,"column":61}},"25":{"start":{"line":50,"column":4},"end":{"line":50,"column":15}},"26":{"start":{"line":53,"column":2},"end":{"line":56,"column":27}},"27":{"start":{"line":54,"column":4},"end":{"line":54,"column":52}},"28":{"start":{"line":54,"column":35},"end":{"line":54,"column":52}},"29":{"start":{"line":55,"column":4},"end":{"line":55,"column":32}},"30":{"start":{"line":55,"column":15},"end":{"line":55,"column":32}},"31":{"start":{"line":59,"column":4},"end":{"line":59,"column":24}},"32":{"start":{"line":59,"column":18},"end":{"line":59,"column":24}},"33":{"start":{"line":60,"column":4},"end":{"line":60,"column":49}},"34":{"start":{"line":60,"column":23},"end":{"line":60,"column":48}},"35":{"start":{"line":64,"column":4},"end":{"line":64,"column":34}},"36":{"start":{"line":67,"column":2},"end":{"line":117,"column":3}},"37":{"start":{"line":81,"column":12},"end":{"line":83,"column":19}},"38":{"start":{"line":90,"column":14},"end":{"line":98,"column":23}},"39":{"start":{"line":92,"column":31},"end":{"line":92,"column":50}},"40":{"start":{"line":125,"column":2},"end":{"line":151,"column":3}}},"fnMap":{"0":{"name":"pickRandomWord","decl":{"start":{"line":22,"column":9},"end":{"line":22,"column":23}},"loc":{"start":{"line":22,"column":31},"end":{"line":25,"column":1}},"line":22},"1":{"name":"(anonymous_1)","decl":{"start":{"line":23,"column":29},"end":{"line":23,"column":30}},"loc":{"start":{"line":23,"column":34},"end":{"line":23,"column":42}},"line":23},"2":{"name":"App","decl":{"start":{"line":27,"column":24},"end":{"line":27,"column":27}},"loc":{"start":{"line":27,"column":30},"end":{"line":118,"column":1}},"line":27},"3":{"name":"(anonymous_3)","decl":{"start":{"line":29,"column":24},"end":{"line":29,"column":25}},"loc":{"start":{"line":29,"column":30},"end":{"line":29,"column":53}},"line":29},"4":{"name":"(anonymous_4)","decl":{"start":{"line":32,"column":35},"end":{"line":32,"column":36}},"loc":{"start":{"line":32,"column":41},"end":{"line":32,"column":62}},"line":32},"5":{"name":"(anonymous_5)","decl":{"start":{"line":33,"column":41},"end":{"line":33,"column":42}},"loc":{"start":{"line":33,"column":47},"end":{"line":33,"column":56}},"line":33},"6":{"name":"(anonymous_6)","decl":{"start":{"line":36,"column":12},"end":{"line":36,"column":13}},"loc":{"start":{"line":36,"column":18},"end":{"line":40,"column":3}},"line":36},"7":{"name":"(anonymous_7)","decl":{"start":{"line":42,"column":31},"end":{"line":42,"column":32}},"loc":{"start":{"line":42,"column":37},"end":{"line":46,"column":3}},"line":42},"8":{"name":"(anonymous_8)","decl":{"start":{"line":48,"column":24},"end":{"line":48,"column":25}},"loc":{"start":{"line":48,"column":30},"end":{"line":51,"column":3}},"line":48},"9":{"name":"(anonymous_9)","decl":{"start":{"line":53,"column":12},"end":{"line":53,"column":13}},"loc":{"start":{"line":53,"column":18},"end":{"line":56,"column":3}},"line":53},"10":{"name":"handleGuess","decl":{"start":{"line":58,"column":11},"end":{"line":58,"column":22}},"loc":{"start":{"line":58,"column":31},"end":{"line":61,"column":3}},"line":58},"11":{"name":"(anonymous_11)","decl":{"start":{"line":60,"column":15},"end":{"line":60,"column":16}},"loc":{"start":{"line":60,"column":23},"end":{"line":60,"column":48}},"line":60},"12":{"name":"resetGame","decl":{"start":{"line":63,"column":11},"end":{"line":63,"column":20}},"loc":{"start":{"line":63,"column":23},"end":{"line":65,"column":3}},"line":63},"13":{"name":"(anonymous_13)","decl":{"start":{"line":80,"column":30},"end":{"line":80,"column":31}},"loc":{"start":{"line":81,"column":12},"end":{"line":83,"column":19}},"line":81},"14":{"name":"(anonymous_14)","decl":{"start":{"line":89,"column":36},"end":{"line":89,"column":37}},"loc":{"start":{"line":90,"column":14},"end":{"line":98,"column":23}},"line":90},"15":{"name":"(anonymous_15)","decl":{"start":{"line":92,"column":25},"end":{"line":92,"column":26}},"loc":{"start":{"line":92,"column":31},"end":{"line":92,"column":50}},"line":92},"16":{"name":"HangmanDrawing","decl":{"start":{"line":124,"column":9},"end":{"line":124,"column":23}},"loc":{"start":{"line":124,"column":34},"end":{"line":152,"column":1}},"line":124}},"branchMap":{"0":{"loc":{"start":{"line":44,"column":30},"end":{"line":44,"column":61}},"type":"if","locations":[{"start":{"line":44,"column":30},"end":{"line":44,"column":61}},{"start":{},"end":{}}],"line":44},"1":{"loc":{"start":{"line":49,"column":27},"end":{"line":49,"column":61}},"type":"if","locations":[{"start":{"line":49,"column":27},"end":{"line":49,"column":61}},{"start":{},"end":{}}],"line":49},"2":{"loc":{"start":{"line":54,"column":4},"end":{"line":54,"column":52}},"type":"if","locations":[{"start":{"line":54,"column":4},"end":{"line":54,"column":52}},{"start":{},"end":{}}],"line":54},"3":{"loc":{"start":{"line":55,"column":4},"end":{"line":55,"column":32}},"type":"if","locations":[{"start":{"line":55,"column":4},"end":{"line":55,"column":32}},{"start":{},"end":{}}],"line":55},"4":{"loc":{"start":{"line":59,"column":4},"end":{"line":59,"column":24}},"type":"if","locations":[{"start":{"line":59,"column":4},"end":{"line":59,"column":24}},{"start":{},"end":{}}],"line":59},"5":{"loc":{"start":{"line":81,"column":47},"end":{"line":81,"column":80}},"type":"cond-expr","locations":[{"start":{"line":81,"column":65},"end":{"line":81,"column":75}},{"start":{"line":81,"column":78},"end":{"line":81,"column":80}}],"line":81},"6":{"loc":{"start":{"line":82,"column":15},"end":{"line":82,"column":41}},"type":"cond-expr","locations":[{"start":{"line":82,"column":33},"end":{"line":82,"column":35}},{"start":{"line":82,"column":38},"end":{"line":82,"column":41}}],"line":82},"7":{"loc":{"start":{"line":93,"column":26},"end":{"line":93,"column":57}},"type":"binary-expr","locations":[{"start":{"line":93,"column":26},"end":{"line":93,"column":45}},{"start":{"line":93,"column":49},"end":{"line":93,"column":57}}],"line":93},"8":{"loc":{"start":{"line":95,"column":27},"end":{"line":95,"column":63}},"type":"cond-expr","locations":[{"start":{"line":95,"column":49},"end":{"line":95,"column":58}},{"start":{"line":95,"column":61},"end":{"line":95,"column":63}}],"line":95},"9":{"loc":{"start":{"line":104,"column":13},"end":{"line":104,"column":63}},"type":"binary-expr","locations":[{"start":{"line":104,"column":13},"end":{"line":104,"column":18}},{"start":{"line":104,"column":22},"end":{"line":104,"column":63}}],"line":104},"10":{"loc":{"start":{"line":105,"column":13},"end":{"line":105,"column":130}},"type":"binary-expr","locations":[{"start":{"line":105,"column":13},"end":{"line":105,"column":19}},{"start":{"line":105,"column":23},"end":{"line":105,"column":48}},{"start":{"line":105,"column":52},"end":{"line":105,"column":130}}],"line":105},"11":{"loc":{"start":{"line":134,"column":7},"end":{"line":134,"column":94}},"type":"binary-expr","locations":[{"start":{"line":134,"column":7},"end":{"line":134,"column":15}},{"start":{"line":134,"column":19},"end":{"line":134,"column":94}}],"line":134},"12":{"loc":{"start":{"line":137,"column":7},"end":{"line":137,"column":89}},"type":"binary-expr","locations":[{"start":{"line":137,"column":7},"end":{"line":137,"column":15}},{"start":{"line":137,"column":19},"end":{"line":137,"column":89}}],"line":137},"13":{"loc":{"start":{"line":140,"column":7},"end":{"line":140,"column":89}},"type":"binary-expr","locations":[{"start":{"line":140,"column":7},"end":{"line":140,"column":15}},{"start":{"line":140,"column":19},"end":{"line":140,"column":89}}],"line":140},"14":{"loc":{"start":{"line":143,"column":7},"end":{"line":143,"column":89}},"type":"binary-expr","locations":[{"start":{"line":143,"column":7},"end":{"line":143,"column":15}},{"start":{"line":143,"column":19},"end":{"line":143,"column":89}}],"line":143},"15":{"loc":{"start":{"line":146,"column":7},"end":{"line":146,"column":90}},"type":"binary-expr","locations":[{"start":{"line":146,"column":7},"end":{"line":146,"column":15}},{"start":{"line":146,"column":19},"end":{"line":146,"column":90}}],"line":146},"16":{"loc":{"start":{"line":149,"column":7},"end":{"line":149,"column":90}},"type":"binary-expr","locations":[{"start":{"line":149,"column":7},"end":{"line":149,"column":15}},{"start":{"line":149,"column":19},"end":{"line":149,"column":90}}],"line":149}},"s":{"0":1,"1":1,"2":5,"3":125,"4":5,"5":24,"6":5,"7":24,"8":5,"9":24,"10":5,"11":24,"12":24,"13":5,"14":5,"15":24,"16":22,"17":22,"18":33,"19":22,"20":22,"21":24,"22":22,"23":35,"24":21,"25":1,"26":24,"27":13,"28":1,"29":13,"30":1,"31":12,"32":0,"33":12,"34":12,"35":0,"36":24,"37":120,"38":624,"39":12,"40":24},"f":{"0":5,"1":125,"2":24,"3":5,"4":5,"5":5,"6":5,"7":22,"8":22,"9":13,"10":12,"11":12,"12":0,"13":120,"14":624,"15":12,"16":24},"b":{"0":[22,11],"1":[21,14],"2":[1,12],"3":[1,12],"4":[0,12],"5":[19,101],"6":[19,101],"7":[624,581],"8":[43,581],"9":[24,2],"10":[24,22,2],"11":[24,8],"12":[24,6],"13":[24,5],"14":[24,4],"15":[24,3],"16":[24,2]},"_coverageSchema":"1a1c01bbd47fc00a2c39e90264f33305004495a9","hash":"832918e209e8fa5032c0496d0f7c03055732f3d3"}
,"/Users/georgewithers/Documents/GitHub/Test1/src/main.jsx": {"path":"/Users/georgewithers/Documents/GitHub/Test1/src/main.jsx","statementMap":{"0":{"start":{"line":6,"column":0},"end":{"line":10,"column":1}}},"fnMap":{},"branchMap":{},"s":{"0":0},"f":{},"b":{}}
}
