TN:
SF:src/App.jsx
FN:22,pickRandomWord
FN:23,(anonymous_1)
FN:27,App
FN:29,(anonymous_3)
FN:32,(anonymous_4)
FN:33,(anonymous_5)
FN:36,(anonymous_6)
FN:42,(anonymous_7)
FN:48,(anonymous_8)
FN:53,(anonymous_9)
FN:58,handleGuess
FN:60,(anonymous_11)
FN:63,resetGame
FN:80,(anonymous_13)
FN:89,(anonymous_14)
FN:92,(anonymous_15)
FN:124,HangmanDrawing
FNF:17
FNH:16
FNDA:5,pickRandomWord
FNDA:125,(anonymous_1)
FNDA:24,App
FNDA:5,(anonymous_3)
FNDA:5,(anonymous_4)
FNDA:5,(anonymous_5)
FNDA:5,(anonymous_6)
FNDA:22,(anonymous_7)
FNDA:22,(anonymous_8)
FNDA:13,(anonymous_9)
FNDA:12,handleGuess
FNDA:12,(anonymous_11)
FNDA:0,resetGame
FNDA:120,(anonymous_13)
FNDA:624,(anonymous_14)
FNDA:12,(anonymous_15)
FNDA:24,HangmanDrawing
DA:19,1
DA:20,1
DA:23,125
DA:24,5
DA:29,24
DA:32,24
DA:33,24
DA:34,24
DA:36,24
DA:38,5
DA:39,5
DA:42,24
DA:43,22
DA:44,33
DA:45,22
DA:48,24
DA:49,35
DA:50,1
DA:53,24
DA:54,13
DA:55,13
DA:59,12
DA:60,12
DA:64,0
DA:67,24
DA:81,120
DA:90,624
DA:92,12
DA:125,24
LF:29
LH:28
BRDA:44,0,0,22
BRDA:44,0,1,11
BRDA:49,1,0,21
BRDA:49,1,1,14
BRDA:54,2,0,1
BRDA:54,2,1,12
BRDA:55,3,0,1
BRDA:55,3,1,12
BRDA:59,4,0,0
BRDA:59,4,1,12
BRDA:81,5,0,19
BRDA:81,5,1,101
BRDA:82,6,0,19
BRDA:82,6,1,101
BRDA:93,7,0,624
BRDA:93,7,1,581
BRDA:95,8,0,43
BRDA:95,8,1,581
BRDA:104,9,0,24
BRDA:104,9,1,2
BRDA:105,10,0,24
BRDA:105,10,1,22
BRDA:105,10,2,2
BRDA:134,11,0,24
BRDA:134,11,1,8
BRDA:137,12,0,24
BRDA:137,12,1,6
BRDA:140,13,0,24
BRDA:140,13,1,5
BRDA:143,14,0,24
BRDA:143,14,1,4
BRDA:146,15,0,24
BRDA:146,15,1,3
BRDA:149,16,0,24
BRDA:149,16,1,2
BRF:35
BRH:34
end_of_record
TN:
SF:src/main.jsx
FNF:0
FNH:0
DA:6,0
LF:1
LH:0
BRF:0
BRH:0
end_of_record
